  GameSprites.cpp
  Graphics.cpp
C:\Users\desti\OneDrive - St. Lawrence College\GAME210 - Programming Fundementals 2\PartnerProj2\GAME210-Partner-Project-1\PROJECT1\Graphics.cpp(47,31): warning C4244: '=': conversion from 'float' to 'int', possible loss of data
C:\Users\desti\OneDrive - St. Lawrence College\GAME210 - Programming Fundementals 2\PartnerProj2\GAME210-Partner-Project-1\PROJECT1\Graphics.cpp(48,31): warning C4244: '=': conversion from 'float' to 'int', possible loss of data
C:\Users\desti\OneDrive - St. Lawrence College\GAME210 - Programming Fundementals 2\PartnerProj2\GAME210-Partner-Project-1\PROJECT1\Graphics.cpp(49,23): warning C4244: '=': conversion from 'float' to 'int', possible loss of data
C:\Users\desti\OneDrive - St. Lawrence College\GAME210 - Programming Fundementals 2\PartnerProj2\GAME210-Partner-Project-1\PROJECT1\Graphics.cpp(50,23): warning C4244: '=': conversion from 'float' to 'int', possible loss of data
C:\Users\desti\OneDrive - St. Lawrence College\GAME210 - Programming Fundementals 2\PartnerProj2\GAME210-Partner-Project-1\PROJECT1\Graphics.cpp(65,31): warning C4244: '=': conversion from 'float' to 'int', possible loss of data
C:\Users\desti\OneDrive - St. Lawrence College\GAME210 - Programming Fundementals 2\PartnerProj2\GAME210-Partner-Project-1\PROJECT1\Graphics.cpp(66,31): warning C4244: '=': conversion from 'float' to 'int', possible loss of data
C:\Users\desti\OneDrive - St. Lawrence College\GAME210 - Programming Fundementals 2\PartnerProj2\GAME210-Partner-Project-1\PROJECT1\Graphics.cpp(67,23): warning C4244: '=': conversion from 'float' to 'int', possible loss of data
C:\Users\desti\OneDrive - St. Lawrence College\GAME210 - Programming Fundementals 2\PartnerProj2\GAME210-Partner-Project-1\PROJECT1\Graphics.cpp(68,23): warning C4244: '=': conversion from 'float' to 'int', possible loss of data
C:\Users\desti\OneDrive - St. Lawrence College\GAME210 - Programming Fundementals 2\PartnerProj2\GAME210-Partner-Project-1\PROJECT1\Graphics.cpp(70,99): warning C4244: 'argument': conversion from 'float' to 'int', possible loss of data
C:\Users\desti\OneDrive - St. Lawrence College\GAME210 - Programming Fundementals 2\PartnerProj2\GAME210-Partner-Project-1\PROJECT1\Graphics.cpp(70,85): warning C4244: 'argument': conversion from 'float' to 'int', possible loss of data
C:\Users\desti\OneDrive - St. Lawrence College\GAME210 - Programming Fundementals 2\PartnerProj2\GAME210-Partner-Project-1\PROJECT1\Graphics.cpp(70,71): warning C4244: 'argument': conversion from 'float' to 'int', possible loss of data
C:\Users\desti\OneDrive - St. Lawrence College\GAME210 - Programming Fundementals 2\PartnerProj2\GAME210-Partner-Project-1\PROJECT1\Graphics.cpp(70,49): warning C4244: 'argument': conversion from 'float' to 'int', possible loss of data
C:\Users\desti\OneDrive - St. Lawrence College\GAME210 - Programming Fundementals 2\PartnerProj2\GAME210-Partner-Project-1\PROJECT1\Graphics.cpp(90,19): warning C4244: '=': conversion from 'float' to 'int', possible loss of data
C:\Users\desti\OneDrive - St. Lawrence College\GAME210 - Programming Fundementals 2\PartnerProj2\GAME210-Partner-Project-1\PROJECT1\Graphics.cpp(91,19): warning C4244: '=': conversion from 'float' to 'int', possible loss of data
  GameObject.cpp
  Leaderboard.cpp
  EventHandler.cpp
  GameplayManager.cpp
C:\Users\desti\OneDrive - St. Lawrence College\GAME210 - Programming Fundementals 2\PartnerProj2\GAME210-Partner-Project-1\PROJECT1\GameSpaces.h(10,99): warning C4244: 'return': conversion from '_Rep' to 'int', possible loss of data
          with
          [
              _Rep=__int64
          ]
C:\Users\desti\OneDrive - St. Lawrence College\GAME210 - Programming Fundementals 2\PartnerProj2\GAME210-Partner-Project-1\PROJECT1\GameSpaces.h(39,27): warning C4244: '=': conversion from 'double' to 'short', possible loss of data
C:\Users\desti\OneDrive - St. Lawrence College\GAME210 - Programming Fundementals 2\PartnerProj2\GAME210-Partner-Project-1\PROJECT1\Source\Gameplay\GameplayManager.cpp(51,12): warning C4244: 'argument': conversion from 'time_t' to 'unsigned int', possible loss of data
C:\Users\desti\OneDrive - St. Lawrence College\GAME210 - Programming Fundementals 2\PartnerProj2\GAME210-Partner-Project-1\PROJECT1\Source\Gameplay\GameplayManager.cpp(296,119): warning C4267: 'argument': conversion from 'size_t' to 'int', possible loss of data
C:\Users\desti\OneDrive - St. Lawrence College\GAME210 - Programming Fundementals 2\PartnerProj2\GAME210-Partner-Project-1\PROJECT1\Source\Gameplay\GameplayManager.cpp(296,69): warning C4244: 'argument': conversion from 'unsigned __int64' to 'float', possible loss of data
C:\Users\desti\OneDrive - St. Lawrence College\GAME210 - Programming Fundementals 2\PartnerProj2\GAME210-Partner-Project-1\PROJECT1\Source\Gameplay\GameplayManager.cpp(297,122): warning C4267: 'argument': conversion from 'size_t' to 'int', possible loss of data
C:\Users\desti\OneDrive - St. Lawrence College\GAME210 - Programming Fundementals 2\PartnerProj2\GAME210-Partner-Project-1\PROJECT1\Source\Gameplay\GameplayManager.cpp(297,70): warning C4244: 'argument': conversion from 'unsigned __int64' to 'float', possible loss of data
C:\Users\desti\OneDrive - St. Lawrence College\GAME210 - Programming Fundementals 2\PartnerProj2\GAME210-Partner-Project-1\PROJECT1\Source\Gameplay\GameplayManager.cpp(298,134): warning C4267: 'argument': conversion from 'size_t' to 'int', possible loss of data
C:\Users\desti\OneDrive - St. Lawrence College\GAME210 - Programming Fundementals 2\PartnerProj2\GAME210-Partner-Project-1\PROJECT1\Source\Gameplay\GameplayManager.cpp(298,82): warning C4267: 'argument': conversion from 'size_t' to 'int', possible loss of data
C:\Users\desti\OneDrive - St. Lawrence College\GAME210 - Programming Fundementals 2\PartnerProj2\GAME210-Partner-Project-1\PROJECT1\Source\Gameplay\GameplayManager.cpp(302,134): warning C4267: 'argument': conversion from 'size_t' to 'int', possible loss of data
C:\Users\desti\OneDrive - St. Lawrence College\GAME210 - Programming Fundementals 2\PartnerProj2\GAME210-Partner-Project-1\PROJECT1\Source\Gameplay\GameplayManager.cpp(302,74): warning C4244: 'argument': conversion from 'unsigned __int64' to 'float', possible loss of data
C:\Users\desti\OneDrive - St. Lawrence College\GAME210 - Programming Fundementals 2\PartnerProj2\GAME210-Partner-Project-1\PROJECT1\Source\Gameplay\GameplayManager.cpp(304,106): warning C4267: 'argument': conversion from 'size_t' to 'int', possible loss of data
C:\Users\desti\OneDrive - St. Lawrence College\GAME210 - Programming Fundementals 2\PartnerProj2\GAME210-Partner-Project-1\PROJECT1\Source\Gameplay\GameplayManager.cpp(304,46): warning C4267: 'argument': conversion from 'size_t' to 'int', possible loss of data
C:\Users\desti\OneDrive - St. Lawrence College\GAME210 - Programming Fundementals 2\PartnerProj2\GAME210-Partner-Project-1\PROJECT1\Source\Gameplay\GameplayManager.cpp(325,70): warning C4267: 'argument': conversion from 'size_t' to 'int', possible loss of data
  main.cpp
  ColourBlock.cpp
C:\Users\desti\OneDrive - St. Lawrence College\GAME210 - Programming Fundementals 2\PartnerProj2\GAME210-Partner-Project-1\PROJECT1\Source\Objects\ColourBlock.cpp(27,17): warning C4244: '=': conversion from 'int' to 'float', possible loss of data
C:\Users\desti\OneDrive - St. Lawrence College\GAME210 - Programming Fundementals 2\PartnerProj2\GAME210-Partner-Project-1\PROJECT1\Source\Objects\ColourBlock.cpp(28,17): warning C4244: '=': conversion from 'int' to 'float', possible loss of data
  GameObjectDrawer.cpp
  Generating Code...
GameSprites.obj : error LNK2019: unresolved external symbol SDL_GetError referenced in function "public: static int __cdecl GameSprites::LoadSprite(short)" (?LoadSprite@GameSprites@@SAHF@Z)
GameSprites.obj : error LNK2019: unresolved external symbol SDL_RWFromFile referenced in function "public: static int __cdecl GameSprites::LoadSprite(short)" (?LoadSprite@GameSprites@@SAHF@Z)
GameSprites.obj : error LNK2019: unresolved external symbol SDL_FreeSurface referenced in function "public: static int __cdecl GameSprites::LoadSprite(short)" (?LoadSprite@GameSprites@@SAHF@Z)
Graphics.obj : error LNK2001: unresolved external symbol SDL_FreeSurface
GameSprites.obj : error LNK2019: unresolved external symbol SDL_LoadBMP_RW referenced in function "public: static int __cdecl GameSprites::LoadSprite(short)" (?LoadSprite@GameSprites@@SAHF@Z)
GameSprites.obj : error LNK2019: unresolved external symbol SDL_SetColorKey referenced in function "public: static int __cdecl GameSprites::LoadSprite(short)" (?LoadSprite@GameSprites@@SAHF@Z)
GameSprites.obj : error LNK2019: unresolved external symbol SDL_CreateTextureFromSurface referenced in function "public: static int __cdecl GameSprites::LoadSprite(short)" (?LoadSprite@GameSprites@@SAHF@Z)
Graphics.obj : error LNK2001: unresolved external symbol SDL_CreateTextureFromSurface
Graphics.obj : error LNK2019: unresolved external symbol SDL_CreateWindow referenced in function "public: static bool __cdecl Graphics::Init(void)" (?Init@Graphics@@SA_NXZ)
Graphics.obj : error LNK2019: unresolved external symbol SDL_CreateRenderer referenced in function "public: static bool __cdecl Graphics::Init(void)" (?Init@Graphics@@SA_NXZ)
Graphics.obj : error LNK2019: unresolved external symbol SDL_SetRenderDrawColor referenced in function "public: static void __cdecl Graphics::SetColor(struct Colour)" (?SetColor@Graphics@@SAXUColour@@@Z)
Graphics.obj : error LNK2019: unresolved external symbol SDL_RenderClear referenced in function "public: static void __cdecl Graphics::StartRender(void)" (?StartRender@Graphics@@SAXXZ)
Graphics.obj : error LNK2019: unresolved external symbol SDL_RenderDrawLine referenced in function "public: static void __cdecl Graphics::DrawLine(struct Transform2D,struct Vec2D)" (?DrawLine@Graphics@@SAXUTransform2D@@UVec2D@@@Z)
Graphics.obj : error LNK2019: unresolved external symbol SDL_RenderDrawRect referenced in function "public: static void __cdecl Graphics::DrawRect(struct Transform2D,struct Vec2D,bool)" (?DrawRect@Graphics@@SAXUTransform2D@@UVec2D@@_N@Z)
Graphics.obj : error LNK2019: unresolved external symbol SDL_RenderFillRect referenced in function "public: static void __cdecl Graphics::DrawRect(struct Transform2D,struct Vec2D,bool)" (?DrawRect@Graphics@@SAXUTransform2D@@UVec2D@@_N@Z)
Graphics.obj : error LNK2019: unresolved external symbol SDL_RenderCopy referenced in function "public: static void __cdecl Graphics::DrawText(char const *,float,float,int,int,struct _TTF_Font *)" (?DrawText@Graphics@@SAXPEBDMMHHPEAU_TTF_Font@@@Z)
GameObjectDrawer.obj : error LNK2001: unresolved external symbol SDL_RenderCopy
Graphics.obj : error LNK2019: unresolved external symbol SDL_RenderPresent referenced in function "public: static void __cdecl Graphics::EndRender(void)" (?EndRender@Graphics@@SAXXZ)
Graphics.obj : error LNK2019: unresolved external symbol SDL_DestroyTexture referenced in function "public: static void __cdecl Graphics::DrawText(char const *,float,float,int,int,struct _TTF_Font *)" (?DrawText@Graphics@@SAXPEBDMMHHPEAU_TTF_Font@@@Z)
Graphics.obj : error LNK2019: unresolved external symbol SDL_Delay referenced in function "public: static void __cdecl Graphics::EndRender(void)" (?EndRender@Graphics@@SAXXZ)
main.obj : error LNK2001: unresolved external symbol SDL_Delay
Graphics.obj : error LNK2019: unresolved external symbol TTF_Init referenced in function "public: static bool __cdecl Graphics::Init(void)" (?Init@Graphics@@SA_NXZ)
Graphics.obj : error LNK2019: unresolved external symbol TTF_RenderText_Solid referenced in function "public: static void __cdecl Graphics::DrawText(char const *,float,float,int,int,struct _TTF_Font *)" (?DrawText@Graphics@@SAXPEBDMMHHPEAU_TTF_Font@@@Z)
EventHandler.obj : error LNK2019: unresolved external symbol SDL_GetMouseState referenced in function "public: static bool __cdecl EventHandler::Update(void)" (?Update@EventHandler@@SA_NXZ)
EventHandler.obj : error LNK2019: unresolved external symbol SDL_PollEvent referenced in function "public: static bool __cdecl EventHandler::Update(void)" (?Update@EventHandler@@SA_NXZ)
main.obj : error LNK2019: unresolved external symbol SDL_Quit referenced in function SDL_main
main.obj : error LNK2019: unresolved external symbol TTF_OpenFont referenced in function "public: __cdecl GameplayManager::GameplayManager(void)" (??0GameplayManager@@QEAA@XZ)
main.obj : error LNK2019: unresolved external symbol TTF_CloseFont referenced in function "public: __cdecl GameplayManager::~GameplayManager(void)" (??1GameplayManager@@QEAA@XZ)
MSVCRTD.lib(exe_main.obj) : error LNK2019: unresolved external symbol main referenced in function "int __cdecl invoke_main(void)" (?invoke_main@@YAHXZ)
SDL2.lib : warning LNK4272: library machine type 'x86' conflicts with target machine type 'x64'
SDL2main.lib : warning LNK4272: library machine type 'x86' conflicts with target machine type 'x64'
C:\Users\desti\OneDrive - St. Lawrence College\GAME210 - Programming Fundementals 2\PartnerProj2\GAME210-Partner-Project-1\x64\Debug\PARTNER PROJECT 1.exe : fatal error LNK1120: 25 unresolved externals
